Determining if the pthread_create exist failed with the following output:
Change Dir: /home/feixue/Research/Code/SLAM/SSLAM/cmake-build-debug/CMakeFiles/CMakeTmp

Run Build Command:"/usr/bin/make" "cmTC_8e176/fast"
/usr/bin/make -f CMakeFiles/cmTC_8e176.dir/build.make CMakeFiles/cmTC_8e176.dir/build
make[1]: Entering directory '/home/feixue/Research/Code/SLAM/SSLAM/cmake-build-debug/CMakeFiles/CMakeTmp'
Building C object CMakeFiles/cmTC_8e176.dir/CheckSymbolExists.c.o
/usr/bin/cc    -Wall  -O3 -march=native     -o CMakeFiles/cmTC_8e176.dir/CheckSymbolExists.c.o   -c /home/feixue/Research/Code/SLAM/SSLAM/cmake-build-debug/CMakeFiles/CMakeTmp/CheckSymbolExists.c
Linking C executable cmTC_8e176
/home/feixue/Software/clion-2017.1.3/bin/cmake/bin/cmake -E cmake_link_script CMakeFiles/cmTC_8e176.dir/link.txt --verbose=1
/usr/bin/cc    -Wall  -O3 -march=native      CMakeFiles/cmTC_8e176.dir/CheckSymbolExists.c.o  -o cmTC_8e176 
CMakeFiles/cmTC_8e176.dir/CheckSymbolExists.c.o: In function `main':
CheckSymbolExists.c:(.text.startup+0x6): undefined reference to `pthread_create'
collect2: error: ld returned 1 exit status
CMakeFiles/cmTC_8e176.dir/build.make:97: recipe for target 'cmTC_8e176' failed
make[1]: *** [cmTC_8e176] Error 1
make[1]: Leaving directory '/home/feixue/Research/Code/SLAM/SSLAM/cmake-build-debug/CMakeFiles/CMakeTmp'
Makefile:126: recipe for target 'cmTC_8e176/fast' failed
make: *** [cmTC_8e176/fast] Error 2

File /home/feixue/Research/Code/SLAM/SSLAM/cmake-build-debug/CMakeFiles/CMakeTmp/CheckSymbolExists.c:
/* */
#include <pthread.h>

int main(int argc, char** argv)
{
  (void)argv;
#ifndef pthread_create
  return ((int*)(&pthread_create))[argc];
#else
  (void)argc;
  return 0;
#endif
}

Determining if the function pthread_create exists in the pthreads failed with the following output:
Change Dir: /home/feixue/Research/Code/SLAM/SSLAM/cmake-build-debug/CMakeFiles/CMakeTmp

Run Build Command:"/usr/bin/make" "cmTC_22b0f/fast"
/usr/bin/make -f CMakeFiles/cmTC_22b0f.dir/build.make CMakeFiles/cmTC_22b0f.dir/build
make[1]: Entering directory '/home/feixue/Research/Code/SLAM/SSLAM/cmake-build-debug/CMakeFiles/CMakeTmp'
Building C object CMakeFiles/cmTC_22b0f.dir/CheckFunctionExists.c.o
/usr/bin/cc    -Wall  -O3 -march=native  -DCHECK_FUNCTION_EXISTS=pthread_create   -o CMakeFiles/cmTC_22b0f.dir/CheckFunctionExists.c.o   -c /home/feixue/Software/clion-2017.1.3/bin/cmake/share/cmake-3.7/Modules/CheckFunctionExists.c
Linking C executable cmTC_22b0f
/home/feixue/Software/clion-2017.1.3/bin/cmake/bin/cmake -E cmake_link_script CMakeFiles/cmTC_22b0f.dir/link.txt --verbose=1
/usr/bin/cc    -Wall  -O3 -march=native  -DCHECK_FUNCTION_EXISTS=pthread_create    CMakeFiles/cmTC_22b0f.dir/CheckFunctionExists.c.o  -o cmTC_22b0f -lpthreads 
/usr/bin/ld: cannot find -lpthreads
collect2: error: ld returned 1 exit status
CMakeFiles/cmTC_22b0f.dir/build.make:97: recipe for target 'cmTC_22b0f' failed
make[1]: *** [cmTC_22b0f] Error 1
make[1]: Leaving directory '/home/feixue/Research/Code/SLAM/SSLAM/cmake-build-debug/CMakeFiles/CMakeTmp'
Makefile:126: recipe for target 'cmTC_22b0f/fast' failed
make: *** [cmTC_22b0f/fast] Error 2


